<?xml version="1.0" encoding="UTF-8"?>
<robot generator="Robot 7.0.1 (Python 3.12.5 on win32)" generated="2024-10-24T11:40:23.921060" rpa="false" schemaversion="5">
<suite id="s1" name="Teste01" source="c:\Users\julia\OneDrive\Área de Trabalho\Alura\curso-robot\testes-robot\teste01.robot">
<test id="s1-t1" name="Verificar se é possível criar mais de um card se preenchermos os campos corretamente" line="37">
<kw name="Dado que acesse o organo" owner="setup_teardown" type="SETUP">
<kw name="Open Browser" owner="SeleniumLibrary">
<msg time="2024-10-24T11:40:24.471191" level="INFO">Opening browser 'Edge' to base url 'http://localhost:3000/'.</msg>
<msg time="2024-10-24T11:40:34.354262" level="INFO" html="true">&lt;/td&gt;&lt;/tr&gt;&lt;tr&gt;&lt;td colspan="3"&gt;&lt;a href="selenium-screenshot-2.png"&gt;&lt;img src="selenium-screenshot-2.png" width="800px"&gt;&lt;/a&gt;</msg>
<msg time="2024-10-24T11:40:34.359756" level="FAIL">WebDriverException: Message: unknown error: net::ERR_CONNECTION_REFUSED
  (Session info: MicrosoftEdge=130.0.2849.52)
Stacktrace:
	GetHandleVerifier [0x00007FF73240DCB5+12853]
	Microsoft::Applications::Events::EventProperty::empty [0x00007FF7326B8404+2250276]
	Microsoft::Applications::Events::EventProperty::empty [0x00007FF7325F76E6+1460486]
	(No symbol) [0x00007FF7321C3227]
	(No symbol) [0x00007FF7321B7A7B]
	(No symbol) [0x00007FF7321B90AE]
	(No symbol) [0x00007FF7321B7C83]
	(No symbol) [0x00007FF7321B76D3]
	(No symbol) [0x00007FF7321B7678]
	(No symbol) [0x00007FF7321B58FF]
	(No symbol) [0x00007FF7321B5D5C]
	(No symbol) [0x00007FF7321C7DBA]
	(No symbol) [0x00007FF7322419BE]
	(No symbol) [0x00007FF7322284FA]
	(No symbol) [0x00007FF732200617]
	(No symbol) [0x00007FF732241431]
	(No symbol) [0x00007FF732228163]
	(No symbol) [0x00007FF7321FFB54]
	(No symbol) [0x00007FF7321FF000]
	(No symbol) [0x00007FF7321FF741]
	Microsoft::Applications::Events::EventProperty::empty [0x00007FF73258CDF4+1024020]
	Microsoft::Applications::Events::EventProperty::~EventProperty [0x00007FF732329A14+57108]
	Microsoft::Applications::Events::EventProperty::empty [0x00007FF73258BDF3+1019923]
	Microsoft::Applications::Events::EventProperty::empty [0x00007FF73258BA59+1019001]
	Microsoft::Applications::Events::ILogConfiguration::operator* [0x00007FF7323AE071+394945]
	Microsoft::Applications::Events::ILogConfiguration::operator* [0x00007FF7323AA994+380900]
	Microsoft::Applications::Events::ILogConfiguration::operator* [0x00007FF7323AAAD9+381225]
	Microsoft::Applications::Events::ILogConfiguration::operator* [0x00007FF7323A22D6+346406]
	BaseThreadInitThunk [0x00007FFFB659259D+29]
	RtlUserThreadStart [0x00007FFFB780AF38+40]
</msg>
<arg>url=http://localhost:3000/</arg>
<arg>browser=Edge</arg>
<doc>Opens a new browser instance to the optional ``url``.</doc>
<status status="FAIL" start="2024-10-24T11:40:24.471191" elapsed="9.906085">WebDriverException: Message: unknown error: net::ERR_CONNECTION_REFUSED
  (Session info: MicrosoftEdge=130.0.2849.52)
Stacktrace:
	GetHandleVerifier [0x00007FF73240DCB5+12853]
	Microsoft::Applications::Events::EventProperty::empty [0x00007FF7326B8404+2250276]
	Microsoft::Applications::Events::EventProperty::empty [0x00007FF7325F76E6+1460486]
	(No symbol) [0x00007FF7321C3227]
	(No symbol) [0x00007FF7321B7A7B]
	(No symbol) [0x00007FF7321B90AE]
	(No symbol) [0x00007FF7321B7C83]
	(No symbol) [0x00007FF7321B76D3]
	(No symbol) [0x00007FF7321B7678]
	(No symbol) [0x00007FF7321B58FF]
	(No symbol) [0x00007FF7321B5D5C]
	(No symbol) [0x00007FF7321C7DBA]
	(No symbol) [0x00007FF7322419BE]
	(No symbol) [0x00007FF7322284FA]
	(No symbol) [0x00007FF732200617]
    [ Message content over the limit has been removed. ]
	(No symbol) [0x00007FF7321FF000]
	(No symbol) [0x00007FF7321FF741]
	Microsoft::Applications::Events::EventProperty::empty [0x00007FF73258CDF4+1024020]
	Microsoft::Applications::Events::EventProperty::~EventProperty [0x00007FF732329A14+57108]
	Microsoft::Applications::Events::EventProperty::empty [0x00007FF73258BDF3+1019923]
	Microsoft::Applications::Events::EventProperty::empty [0x00007FF73258BA59+1019001]
	Microsoft::Applications::Events::ILogConfiguration::operator* [0x00007FF7323AE071+394945]
	Microsoft::Applications::Events::ILogConfiguration::operator* [0x00007FF7323AA994+380900]
	Microsoft::Applications::Events::ILogConfiguration::operator* [0x00007FF7323AAAD9+381225]
	Microsoft::Applications::Events::ILogConfiguration::operator* [0x00007FF7323A22D6+346406]
	BaseThreadInitThunk [0x00007FFFB659259D+29]
	RtlUserThreadStart [0x00007FFFB780AF38+40]</status>
</kw>
<status status="FAIL" start="2024-10-24T11:40:24.470209" elapsed="9.909547">WebDriverException: Message: unknown error: net::ERR_CONNECTION_REFUSED
  (Session info: MicrosoftEdge=130.0.2849.52)
Stacktrace:
	GetHandleVerifier [0x00007FF73240DCB5+12853]
	Microsoft::Applications::Events::EventProperty::empty [0x00007FF7326B8404+2250276]
	Microsoft::Applications::Events::EventProperty::empty [0x00007FF7325F76E6+1460486]
	(No symbol) [0x00007FF7321C3227]
	(No symbol) [0x00007FF7321B7A7B]
	(No symbol) [0x00007FF7321B90AE]
	(No symbol) [0x00007FF7321B7C83]
	(No symbol) [0x00007FF7321B76D3]
	(No symbol) [0x00007FF7321B7678]
	(No symbol) [0x00007FF7321B58FF]
	(No symbol) [0x00007FF7321B5D5C]
	(No symbol) [0x00007FF7321C7DBA]
	(No symbol) [0x00007FF7322419BE]
	(No symbol) [0x00007FF7322284FA]
	(No symbol) [0x00007FF732200617]
    [ Message content over the limit has been removed. ]
	(No symbol) [0x00007FF7321FF000]
	(No symbol) [0x00007FF7321FF741]
	Microsoft::Applications::Events::EventProperty::empty [0x00007FF73258CDF4+1024020]
	Microsoft::Applications::Events::EventProperty::~EventProperty [0x00007FF732329A14+57108]
	Microsoft::Applications::Events::EventProperty::empty [0x00007FF73258BDF3+1019923]
	Microsoft::Applications::Events::EventProperty::empty [0x00007FF73258BA59+1019001]
	Microsoft::Applications::Events::ILogConfiguration::operator* [0x00007FF7323AE071+394945]
	Microsoft::Applications::Events::ILogConfiguration::operator* [0x00007FF7323AA994+380900]
	Microsoft::Applications::Events::ILogConfiguration::operator* [0x00007FF7323AAAD9+381225]
	Microsoft::Applications::Events::ILogConfiguration::operator* [0x00007FF7323A22D6+346406]
	BaseThreadInitThunk [0x00007FFFB659259D+29]
	RtlUserThreadStart [0x00007FFFB780AF38+40]</status>
</kw>
<kw name="Fechar o navegador" owner="setup_teardown" type="TEARDOWN">
<kw name="Close Browser" owner="SeleniumLibrary">
<doc>Closes the current browser.</doc>
<status status="PASS" start="2024-10-24T11:40:34.385041" elapsed="2.134224"/>
</kw>
<status status="PASS" start="2024-10-24T11:40:34.383963" elapsed="2.135302"/>
</kw>
<status status="FAIL" start="2024-10-24T11:40:24.470209" elapsed="12.049056">Setup failed:
WebDriverException: Message: unknown error: net::ERR_CONNECTION_REFUSED
  (Session info: MicrosoftEdge=130.0.2849.52)
Stacktrace:
	GetHandleVerifier [0x00007FF73240DCB5+12853]
	Microsoft::Applications::Events::EventProperty::empty [0x00007FF7326B8404+2250276]
	Microsoft::Applications::Events::EventProperty::empty [0x00007FF7325F76E6+1460486]
	(No symbol) [0x00007FF7321C3227]
	(No symbol) [0x00007FF7321B7A7B]
	(No symbol) [0x00007FF7321B90AE]
	(No symbol) [0x00007FF7321B7C83]
	(No symbol) [0x00007FF7321B76D3]
	(No symbol) [0x00007FF7321B7678]
	(No symbol) [0x00007FF7321B58FF]
	(No symbol) [0x00007FF7321B5D5C]
	(No symbol) [0x00007FF7321C7DBA]
	(No symbol) [0x00007FF7322419BE]
	(No symbol) [0x00007FF7322284FA]
	(No symbol) [0x00007FF732200617]
    [ Message content over the limit has been removed. ]
	(No symbol) [0x00007FF7321FF000]
	(No symbol) [0x00007FF7321FF741]
	Microsoft::Applications::Events::EventProperty::empty [0x00007FF73258CDF4+1024020]
	Microsoft::Applications::Events::EventProperty::~EventProperty [0x00007FF732329A14+57108]
	Microsoft::Applications::Events::EventProperty::empty [0x00007FF73258BDF3+1019923]
	Microsoft::Applications::Events::EventProperty::empty [0x00007FF73258BA59+1019001]
	Microsoft::Applications::Events::ILogConfiguration::operator* [0x00007FF7323AE071+394945]
	Microsoft::Applications::Events::ILogConfiguration::operator* [0x00007FF7323AA994+380900]
	Microsoft::Applications::Events::ILogConfiguration::operator* [0x00007FF7323AAAD9+381225]
	Microsoft::Applications::Events::ILogConfiguration::operator* [0x00007FF7323A22D6+346406]
	BaseThreadInitThunk [0x00007FFFB659259D+29]
	RtlUserThreadStart [0x00007FFFB780AF38+40]</status>
</test>
<status status="FAIL" start="2024-10-24T11:40:23.925591" elapsed="12.600674"/>
</suite>
<statistics>
<total>
<stat pass="0" fail="1" skip="0">All Tests</stat>
</total>
<tag>
</tag>
<suite>
<stat pass="0" fail="1" skip="0" id="s1" name="Teste01">Teste01</stat>
</suite>
</statistics>
<errors>
</errors>
</robot>
